<?xml version="1.0" encoding="UTF-8"?>
<!-- Generated by org.testng.reporters.JUnitReportReporter -->
<testsuite hostname="DESKTOP-UO09EH4" failures="0" tests="2" name="org.maya.cucumber.TestNGTestRunner" time="26.415" errors="0" timestamp="2024-02-24T23:04:37 IST" skipped="0">
  <testcase classname="org.maya.cucumber.TestNGTestRunner" name="runScenario" time="6.886"/>
  <testcase classname="org.maya.cucumber.TestNGTestRunner" name="runScenario" time="19.529"/>
</testsuite> <!-- org.maya.cucumber.TestNGTestRunner -->
