<?xml version="1.0" encoding="UTF-8"?>
<!-- Generated by org.testng.reporters.JUnitReportReporter -->
<testsuite hostname="DESKTOP-UO09EH4" failures="0" tests="1" name="org.maya.ecomnew.ErrorTest2" time="22.181" errors="0" timestamp="2024-02-21T19:24:19 IST" skipped="0">
  <testcase classname="org.maya.ecomnew.ErrorTest2" name="Test1_Err" time="22.181"/>
</testsuite> <!-- org.maya.ecomnew.ErrorTest2 -->
